{"ts":"2023-04-28T14:06:09-0700","pid":"24564","sev":"info","msg":"Log opened."}
{"ts":"2023-04-28T14:06:09-0700","pid":"24564","sev":"info","msg":"argv[0]="C:/Program Files/Tableau/Tableau 2023.1/bin/tabcrashdumper.exe""}
{"ts":"2023-04-28T14:06:09-0700","pid":"24564","sev":"info","msg":"argv[1]="write-dump""}
{"ts":"2023-04-28T14:06:09-0700","pid":"24564","sev":"info","msg":"argv[2]="7884""}
{"ts":"2023-04-28T14:06:09-0700","pid":"24564","sev":"info","msg":"argv[3]="14472""}
{"ts":"2023-04-28T14:06:09-0700","pid":"24564","sev":"info","msg":"argv[4]="C:\Users\plati\AppData\Local\Temp\TableauTemp\crashdumps-temp/94FA856180344B1D8B7D2C671A0B2E65.temp""}
{"ts":"2023-04-28T14:06:09-0700","pid":"24564","sev":"info","msg":"argv[5]="C:\Users\plati\datadawgs\DataDawgs\json\Logs\crashdumps/94FA856180344B1D8B7D2C671A0B2E65.crash""}
{"ts":"2023-04-28T14:06:09-0700","pid":"24564","sev":"info","msg":"argv[6]="1""}
{"ts":"2023-04-28T14:06:09-0700","pid":"24564","sev":"info","msg":"argv[7]="0000000000000000""}
{"ts":"2023-04-28T14:06:09-0700","pid":"24564","sev":"info","msg":"argv[8]="C:\Users\plati\AppData\Local\Temp\TableauTemp\crashdumps-temp/94FA856180344B1D8B7D2C671A0B2E65.temp/tableau.exe.7884.manifest""}
{"ts":"2023-04-28T14:06:09-0700","pid":"24564","sev":"info","msg":"argv[9]="C:\Users\plati\datadawgs\DataDawgs\json\Logs\crashdumps/94FA856180344B1D8B7D2C671A0B2E65.crash/tableau.exe.7884.manifest""}
{"ts":"2023-04-28T14:06:09-0700","pid":"24564","sev":"info","msg":"argv[10]="C:\Users\plati\datadawgs\DataDawgs\json\Logs\log.txt""}
{"ts":"2023-04-28T14:06:09-0700","pid":"24564","sev":"info","msg":"argv[11]="C:\Users\plati\datadawgs\DataDawgs\json\Logs\crashdumps/94FA856180344B1D8B7D2C671A0B2E65.crash/tableau.exe.7884.log""}
{"ts":"2023-04-28T14:06:09-0700","pid":"24564","sev":"info","msg":"argv[12]="C:/Users/plati/datadawgs/DataDawgs/json/Logs\tabcrashdumper.94FA856180344B1D8B7D2C671A0B2E65.log""}
{"ts":"2023-04-28T14:06:09-0700","pid":"24564","sev":"info","msg":"Creating crash dumper instance."}
{"ts":"2023-04-28T14:06:09-0700","pid":"24564","sev":"info","msg":"Writing mini dump to temporary directory:'C:\Users\plati\AppData\Local\Temp\TableauTemp\crashdumps-temp/94FA856180344B1D8B7D2C671A0B2E65.temp'"}
{"ts":"2023-04-28T14:06:10-0700","pid":"24564","sev":"info","msg":"Successfully wrote temp mini dump to: 'C:\Users\plati\AppData\Local\Temp\TableauTemp\crashdumps-temp/94FA856180344B1D8B7D2C671A0B2E65.temp\29da1a24-7a4b-429f-8e5c-ebe5b1424189.dmp'"}
{"ts":"2023-04-28T14:06:10-0700","pid":"24564","sev":"info","msg":"Writing full dump to temporary directory:'C:\Users\plati\AppData\Local\Temp\TableauTemp\crashdumps-temp/94FA856180344B1D8B7D2C671A0B2E65.temp'"}
{"ts":"2023-04-28T14:06:40-0700","pid":"24564","sev":"error","msg":"Process aborted due to exception: 'An error occurred trying to write the dump into file.'"}
{"ts":"2023-04-28T14:06:40-0700","pid":"24564","sev":"info","msg":"Log closed."}
